# JRE version: Java(TM) SE Runtime Environment (8.0_45-b15) (build 1.8.0_45-b15)
# Java VM: Java HotSpot(TM) 64-Bit Server VM (25.45-b02 mixed mode windows-amd64 compressed oops)
Heap:
 PSYoungGen      total 302080K, used 95908K [0x00000000eb400000, 0x0000000100000000, 0x0000000100000000)
  eden space 284160K, 33% used [0x00000000eb400000,0x00000000f11a9130,0x00000000fc980000)
  from space 17920K, 0% used [0x00000000fc980000,0x00000000fc980000,0x00000000fdb00000)
  to   space 18432K, 0% used [0x00000000fee00000,0x00000000fee00000,0x0000000100000000)
 ParOldGen       total 60928K, used 29116K [0x00000000c1c00000, 0x00000000c5780000, 0x00000000eb400000)
  object space 60928K, 47% used [0x00000000c1c00000,0x00000000c386f098,0x00000000c5780000)
 Metaspace       used 60111K, capacity 62626K, committed 62868K, reserved 1103872K
  class space    used 7824K, capacity 8268K, committed 8340K, reserved 1048576K
GC Heap History (10 events):
Event: 10.249 GC heap before
{Heap before GC invocations=12 (full 2):
 PSYoungGen      total 205824K, used 8799K [0x00000000eb400000, 0x00000000f8b80000, 0x0000000100000000)
  eden space 194048K, 0% used [0x00000000eb400000,0x00000000eb400000,0x00000000f7180000)
  from space 11776K, 74% used [0x00000000f8000000,0x00000000f8897e88,0x00000000f8b80000)
  to   space 13312K, 0% used [0x00000000f7180000,0x00000000f7180000,0x00000000f7e80000)
 ParOldGen       total 27136K, used 17649K [0x00000000c1c00000, 0x00000000c3680000, 0x00000000eb400000)
  object space 27136K, 65% used [0x00000000c1c00000,0x00000000c2d3c598,0x00000000c3680000)
 Metaspace       used 33843K, capacity 35252K, committed 35416K, reserved 1079296K
  class space    used 4324K, capacity 4621K, committed 4696K, reserved 1048576K
Event: 10.356 GC heap after
Heap after GC invocations=12 (full 2):
 PSYoungGen      total 205824K, used 0K [0x00000000eb400000, 0x00000000f8b80000, 0x0000000100000000)
  eden space 194048K, 0% used [0x00000000eb400000,0x00000000eb400000,0x00000000f7180000)
  from space 11776K, 0% used [0x00000000f8000000,0x00000000f8000000,0x00000000f8b80000)
  to   space 13312K, 0% used [0x00000000f7180000,0x00000000f7180000,0x00000000f7e80000)
 ParOldGen       total 45056K, used 18882K [0x00000000c1c00000, 0x00000000c4800000, 0x00000000eb400000)
  object space 45056K, 41% used [0x00000000c1c00000,0x00000000c2e70bb0,0x00000000c4800000)
 Metaspace       used 33843K, capacity 35252K, committed 35416K, reserved 1079296K
  class space    used 4324K, capacity 4621K, committed 4696K, reserved 1048576K
}
Event: 15.308 GC heap before
{Heap before GC invocations=13 (full 2):
 PSYoungGen      total 205824K, used 194048K [0x00000000eb400000, 0x00000000f8b80000, 0x0000000100000000)
  eden space 194048K, 100% used [0x00000000eb400000,0x00000000f7180000,0x00000000f7180000)
  from space 11776K, 0% used [0x00000000f8000000,0x00000000f8000000,0x00000000f8b80000)
  to   space 13312K, 0% used [0x00000000f7180000,0x00000000f7180000,0x00000000f7e80000)
 ParOldGen       total 45056K, used 18882K [0x00000000c1c00000, 0x00000000c4800000, 0x00000000eb400000)
  object space 45056K, 41% used [0x00000000c1c00000,0x00000000c2e70bb0,0x00000000c4800000)
 Metaspace       used 52243K, capacity 54266K, committed 54360K, reserved 1095680K
  class space    used 6828K, capacity 7210K, committed 7256K, reserved 1048576K
Event: 15.351 GC heap after
Heap after GC invocations=13 (full 2):
 PSYoungGen      total 207360K, used 13288K [0x00000000eb400000, 0x00000000ff200000, 0x0000000100000000)
  eden space 194048K, 0% used [0x00000000eb400000,0x00000000eb400000,0x00000000f7180000)
  from space 13312K, 99% used [0x00000000f7180000,0x00000000f7e7a0d8,0x00000000f7e80000)
  to   space 18432K, 0% used [0x00000000fe000000,0x00000000fe000000,0x00000000ff200000)
 ParOldGen       total 45056K, used 26218K [0x00000000c1c00000, 0x00000000c4800000, 0x00000000eb400000)
  object space 45056K, 58% used [0x00000000c1c00000,0x00000000c359a9e0,0x00000000c4800000)
 Metaspace       used 52243K, capacity 54266K, committed 54360K, reserved 1095680K
  class space    used 6828K, capacity 7210K, committed 7256K, reserved 1048576K
}
Event: 19.218 GC heap before
{Heap before GC invocations=14 (full 2):
 PSYoungGen      total 207360K, used 207336K [0x00000000eb400000, 0x00000000ff200000, 0x0000000100000000)
  eden space 194048K, 100% used [0x00000000eb400000,0x00000000f7180000,0x00000000f7180000)
  from space 13312K, 99% used [0x00000000f7180000,0x00000000f7e7a0d8,0x00000000f7e80000)
  to   space 18432K, 0% used [0x00000000fe000000,0x00000000fe000000,0x00000000ff200000)
 ParOldGen       total 45056K, used 26218K [0x00000000c1c00000, 0x00000000c4800000, 0x00000000eb400000)
  object space 45056K, 58% used [0x00000000c1c00000,0x00000000c359a9e0,0x00000000c4800000)
 Metaspace       used 56607K, capacity 58858K, committed 59028K, reserved 1099776K
  class space    used 7391K, capacity 7800K, committed 7828K, reserved 1048576K
Event: 19.250 GC heap after
Heap after GC invocations=14 (full 2):
 PSYoungGen      total 296960K, used 10312K [0x00000000eb400000, 0x00000000fec80000, 0x0000000100000000)
  eden space 284160K, 0% used [0x00000000eb400000,0x00000000eb400000,0x00000000fc980000)
  from space 12800K, 80% used [0x00000000fe000000,0x00000000fea123c0,0x00000000fec80000)
  to   space 17920K, 0% used [0x00000000fc980000,0x00000000fc980000,0x00000000fdb00000)
 ParOldGen       total 45056K, used 32826K [0x00000000c1c00000, 0x00000000c4800000, 0x00000000eb400000)
  object space 45056K, 72% used [0x00000000c1c00000,0x00000000c3c0eb28,0x00000000c4800000)
 Metaspace       used 56607K, capacity 58858K, committed 59028K, reserved 1099776K
  class space    used 7391K, capacity 7800K, committed 7828K, reserved 1048576K
}
Event: 19.292 GC heap before
{Heap before GC invocations=15 (full 2):
 PSYoungGen      total 296960K, used 14854K [0x00000000eb400000, 0x00000000fec80000, 0x0000000100000000)
  eden space 284160K, 1% used [0x00000000eb400000,0x00000000eb86f4b0,0x00000000fc980000)
  from space 12800K, 80% used [0x00000000fe000000,0x00000000fea123c0,0x00000000fec80000)
  to   space 17920K, 0% used [0x00000000fc980000,0x00000000fc980000,0x00000000fdb00000)
 ParOldGen       total 45056K, used 32826K [0x00000000c1c00000, 0x00000000c4800000, 0x00000000eb400000)
  object space 45056K, 72% used [0x00000000c1c00000,0x00000000c3c0eb28,0x00000000c4800000)
 Metaspace       used 56773K, capacity 58986K, committed 59028K, reserved 1099776K
  class space    used 7402K, capacity 7800K, committed 7828K, reserved 1048576K
Event: 19.307 GC heap after
Heap after GC invocations=15 (full 2):
 PSYoungGen      total 302080K, used 269K [0x00000000eb400000, 0x0000000100000000, 0x0000000100000000)
  eden space 284160K, 0% used [0x00000000eb400000,0x00000000eb400000,0x00000000fc980000)
  from space 17920K, 1% used [0x00000000fc980000,0x00000000fc9c3438,0x00000000fdb00000)
  to   space 18432K, 0% used [0x00000000fee00000,0x00000000fee00000,0x0000000100000000)
 ParOldGen       total 45056K, used 40205K [0x00000000c1c00000, 0x00000000c4800000, 0x00000000eb400000)
  object space 45056K, 89% used [0x00000000c1c00000,0x00000000c4343498,0x00000000c4800000)
 Metaspace       used 56773K, capacity 58986K, committed 59028K, reserved 1099776K
  class space    used 7402K, capacity 7800K, committed 7828K, reserved 1048576K
}
Event: 19.307 GC heap before
{Heap before GC invocations=16 (full 3):
 PSYoungGen      total 302080K, used 269K [0x00000000eb400000, 0x0000000100000000, 0x0000000100000000)
  eden space 284160K, 0% used [0x00000000eb400000,0x00000000eb400000,0x00000000fc980000)
  from space 17920K, 1% used [0x00000000fc980000,0x00000000fc9c3438,0x00000000fdb00000)
  to   space 18432K, 0% used [0x00000000fee00000,0x00000000fee00000,0x0000000100000000)
 ParOldGen       total 45056K, used 40205K [0x00000000c1c00000, 0x00000000c4800000, 0x00000000eb400000)
  object space 45056K, 89% used [0x00000000c1c00000,0x00000000c4343498,0x00000000c4800000)
 Metaspace       used 56773K, capacity 58986K, committed 59028K, reserved 1099776K
  class space    used 7402K, capacity 7800K, committed 7828K, reserved 1048576K
Event: 19.570 GC heap after
Heap after GC invocations=16 (full 3):
 PSYoungGen      total 302080K, used 0K [0x00000000eb400000, 0x0000000100000000, 0x0000000100000000)
  eden space 284160K, 0% used [0x00000000eb400000,0x00000000eb400000,0x00000000fc980000)
  from space 17920K, 0% used [0x00000000fc980000,0x00000000fc980000,0x00000000fdb00000)
  to   space 18432K, 0% used [0x00000000fee00000,0x00000000fee00000,0x0000000100000000)
 ParOldGen       total 60928K, used 29116K [0x00000000c1c00000, 0x00000000c5780000, 0x00000000eb400000)
  object space 60928K, 47% used [0x00000000c1c00000,0x00000000c386f098,0x00000000c5780000)
 Metaspace       used 56758K, capacity 58962K, committed 59028K, reserved 1099776K
  class space    used 7399K, capacity 7796K, committed 7828K, reserved 1048576K
}

